2017-12-06 21:26:18 - PHP Warning:  imagejpeg(/var/www/html/akvan.local/public_html/image/cache/catalog/demo/iphone_1-47x47.jpg): failed to open stream: Permission denied in /var/www/html/akvan.local/public_html/system/library/image.php on line 121
2017-12-06 21:26:18 - PHP Warning:  imagejpeg(/var/www/html/akvan.local/public_html/image/cache/catalog/demo/iphone_1-47x47.jpg): failed to open stream: Permission denied in /var/www/html/akvan.local/public_html/system/library/image.php on line 121
2017-12-06 21:29:56 - PHP Warning:  imagejpeg(/var/www/html/akvan.local/public_html/image/cache/catalog/demo/iphone_1-47x47.jpg): failed to open stream: Permission denied in /var/www/html/akvan.local/public_html/system/library/image.php on line 121
2017-12-06 21:30:29 - PHP Warning:  imagejpeg(/var/www/html/akvan.local/public_html/image/cache/catalog/demo/iphone_1-47x47.jpg): failed to open stream: Permission denied in /var/www/html/akvan.local/public_html/system/library/image.php on line 121
2017-12-06 21:31:24 - PHP Warning:  imagejpeg(/var/www/html/akvan.local/public_html/image/cache/catalog/demo/iphone_1-47x47.jpg): failed to open stream: Permission denied in /var/www/html/akvan.local/public_html/system/library/image.php on line 121
2017-12-06 21:32:42 - PHP Warning:  imagejpeg(/var/www/html/akvan.local/public_html/image/cache/catalog/demo/iphone_1-47x47.jpg): failed to open stream: Permission denied in /var/www/html/akvan.local/public_html/system/library/image.php on line 121
2017-12-17 21:37:43 - PHP Warning:  imagejpeg(/var/www/html/akvan.local/public_html/image/cache/catalog/demo/imac_1-444x444.jpg): failed to open stream: Permission denied in /var/www/html/akvan.local/public_html/system/library/image.php on line 121
2017-12-17 21:37:46 - PHP Warning:  imagejpeg(/var/www/html/akvan.local/public_html/image/cache/catalog/demo/htc_touch_hd_1-444x444.jpg): failed to open stream: Permission denied in /var/www/html/akvan.local/public_html/system/library/image.php on line 121
2017-12-17 21:37:46 - PHP Warning:  imagejpeg(/var/www/html/akvan.local/public_html/image/cache/catalog/demo/iphone_1-444x444.jpg): failed to open stream: Permission denied in /var/www/html/akvan.local/public_html/system/library/image.php on line 121
2017-12-17 21:37:46 - PHP Warning:  imagejpeg(/var/www/html/akvan.local/public_html/image/cache/catalog/demo/palm_treo_pro_1-444x444.jpg): failed to open stream: Permission denied in /var/www/html/akvan.local/public_html/system/library/image.php on line 121
2017-12-17 21:37:53 - PHP Warning:  imagejpeg(/var/www/html/akvan.local/public_html/image/cache/catalog/demo/canon_eos_5d_1-444x444.jpg): failed to open stream: Permission denied in /var/www/html/akvan.local/public_html/system/library/image.php on line 121
2017-12-17 21:37:53 - PHP Notice:  A non well formed numeric value encountered in /var/www/html/akvan.local/public_html/catalog/controller/product/category.php on line 244
2017-12-17 21:37:53 - PHP Notice:  A non well formed numeric value encountered in /var/www/html/akvan.local/public_html/catalog/controller/product/category.php on line 244
2017-12-17 21:37:53 - PHP Warning:  imagejpeg(/var/www/html/akvan.local/public_html/image/cache/catalog/demo/nikon_d300_1-444x444.jpg): failed to open stream: Permission denied in /var/www/html/akvan.local/public_html/system/library/image.php on line 121
2017-12-17 21:38:02 - PHP Warning:  imagejpeg(/var/www/html/akvan.local/public_html/image/cache/catalog/demo/canon_eos_5d_1-444x444.jpg): failed to open stream: Permission denied in /var/www/html/akvan.local/public_html/system/library/image.php on line 121
2017-12-17 21:38:02 - PHP Notice:  A non well formed numeric value encountered in /var/www/html/akvan.local/public_html/catalog/controller/product/category.php on line 244
2017-12-17 21:38:02 - PHP Notice:  A non well formed numeric value encountered in /var/www/html/akvan.local/public_html/catalog/controller/product/category.php on line 244
2017-12-17 21:38:02 - PHP Warning:  imagejpeg(/var/www/html/akvan.local/public_html/image/cache/catalog/demo/nikon_d300_1-444x444.jpg): failed to open stream: Permission denied in /var/www/html/akvan.local/public_html/system/library/image.php on line 121
2017-12-17 21:38:04 - PHP Warning:  imagejpeg(/var/www/html/akvan.local/public_html/image/cache/catalog/demo/htc_touch_hd_1-444x444.jpg): failed to open stream: Permission denied in /var/www/html/akvan.local/public_html/system/library/image.php on line 121
2017-12-17 21:38:04 - PHP Warning:  imagejpeg(/var/www/html/akvan.local/public_html/image/cache/catalog/demo/iphone_1-444x444.jpg): failed to open stream: Permission denied in /var/www/html/akvan.local/public_html/system/library/image.php on line 121
2017-12-17 21:38:04 - PHP Warning:  imagejpeg(/var/www/html/akvan.local/public_html/image/cache/catalog/demo/palm_treo_pro_1-444x444.jpg): failed to open stream: Permission denied in /var/www/html/akvan.local/public_html/system/library/image.php on line 121
2017-12-17 21:38:13 - PHP Warning:  imagejpeg(/var/www/html/akvan.local/public_html/image/cache/catalog/demo/imac_1-444x444.jpg): failed to open stream: Permission denied in /var/www/html/akvan.local/public_html/system/library/image.php on line 121
2017-12-17 21:46:46 - PHP Warning:  imagejpeg(/var/www/html/akvan.local/public_html/image/cache/catalog/demo/imac_1-444x444.jpg): failed to open stream: Permission denied in /var/www/html/akvan.local/public_html/system/library/image.php on line 121
2017-12-17 21:48:39 - PHP Warning:  imagejpeg(/var/www/html/akvan.local/public_html/image/cache/catalog/demo/samsung_tab_1-444x444.jpg): failed to open stream: Permission denied in /var/www/html/akvan.local/public_html/system/library/image.php on line 121
2017-12-17 21:48:41 - PHP Warning:  imagejpeg(/var/www/html/akvan.local/public_html/image/cache/catalog/demo/canon_eos_5d_1-444x444.jpg): failed to open stream: Permission denied in /var/www/html/akvan.local/public_html/system/library/image.php on line 121
2017-12-17 21:48:41 - PHP Notice:  A non well formed numeric value encountered in /var/www/html/akvan.local/public_html/catalog/controller/product/category.php on line 244
2017-12-17 21:48:41 - PHP Notice:  A non well formed numeric value encountered in /var/www/html/akvan.local/public_html/catalog/controller/product/category.php on line 244
2017-12-17 21:48:41 - PHP Warning:  imagejpeg(/var/www/html/akvan.local/public_html/image/cache/catalog/demo/nikon_d300_1-444x444.jpg): failed to open stream: Permission denied in /var/www/html/akvan.local/public_html/system/library/image.php on line 121
2017-12-17 21:51:47 - PHP Warning:  imagejpeg(/var/www/html/akvan.local/public_html/image/cache/catalog/demo/ipod_touch_4-100x100.jpg): failed to open stream: Permission denied in /var/www/html/akvan.local/public_html/system/library/image.php on line 121
2017-12-17 21:52:41 - PHP Warning:  imagejpeg(/var/www/html/akvan.local/public_html/image/cache/catalog/demo/imac_1-444x444.jpg): failed to open stream: Permission denied in /var/www/html/akvan.local/public_html/system/library/image.php on line 121
2017-12-17 21:53:47 - PHP Warning:  imagejpeg(/var/www/html/akvan.local/public_html/image/cache/catalog/demo/imac_1-444x444.jpg): failed to open stream: Permission denied in /var/www/html/akvan.local/public_html/system/library/image.php on line 121
2017-12-17 21:53:50 - PHP Warning:  imagejpeg(/var/www/html/akvan.local/public_html/image/cache/catalog/demo/imac_1-444x444.jpg): failed to open stream: Permission denied in /var/www/html/akvan.local/public_html/system/library/image.php on line 121
2017-12-17 21:54:14 - PHP Warning:  imagejpeg(/var/www/html/akvan.local/public_html/image/cache/catalog/demo/imac_1-444x444.jpg): failed to open stream: Permission denied in /var/www/html/akvan.local/public_html/system/library/image.php on line 121
2017-12-17 21:56:23 - PHP Notice:  A non well formed numeric value encountered in /var/www/html/akvan.local/public_html/catalog/controller/product/category.php on line 244
2017-12-17 21:56:23 - PHP Notice:  A non well formed numeric value encountered in /var/www/html/akvan.local/public_html/catalog/controller/product/category.php on line 244
2017-12-17 21:58:38 - PHP Notice:  A non well formed numeric value encountered in /var/www/html/akvan.local/public_html/catalog/controller/product/category.php on line 244
2017-12-17 21:58:38 - PHP Notice:  A non well formed numeric value encountered in /var/www/html/akvan.local/public_html/catalog/controller/product/category.php on line 244
2017-12-17 22:01:12 - PHP Notice:  A non well formed numeric value encountered in /var/www/html/akvan.local/public_html/catalog/controller/product/category.php on line 244
2017-12-17 22:01:12 - PHP Notice:  A non well formed numeric value encountered in /var/www/html/akvan.local/public_html/catalog/controller/product/category.php on line 244
2017-12-17 22:02:45 - PHP Notice:  A non well formed numeric value encountered in /var/www/html/akvan.local/public_html/catalog/controller/product/category.php on line 244
2017-12-17 22:02:45 - PHP Notice:  A non well formed numeric value encountered in /var/www/html/akvan.local/public_html/catalog/controller/product/category.php on line 244
2017-12-17 22:04:29 - PHP Notice:  A non well formed numeric value encountered in /var/www/html/akvan.local/public_html/catalog/controller/product/category.php on line 244
2017-12-17 22:04:29 - PHP Notice:  A non well formed numeric value encountered in /var/www/html/akvan.local/public_html/catalog/controller/product/category.php on line 244
